========================================================================================
Report      : INFO
Date        : Mon Oct 23 17:11:10 SGT 2017
Description : ++++++++++++++++++++++++++++++++
              ++ spliced EVALUATION VERSION ++
              ++++++++++++++++++++++++++++++++

Node        : scc-vincent
Process     : pong <6539>
Thread      : spliced 7f010137d700
Internals   : 6.8.2/e436376/7d15937/The OpenSplice domain service/spliced.c/1500/0/1508749870.145094291/-1
========================================================================================
Report      : INFO
Date        : Mon Oct 23 17:11:10 SGT 2017
Description : ++++++++++++++++++++++++++++++++
              ++ spliced EVALUATION VERSION ++
              ++++++++++++++++++++++++++++++++

Node        : scc-vincent
Process     : ping <6543>
Thread      : spliced 7fe4c4b88700
Internals   : 6.8.2/e436376/7d15937/The OpenSplice domain service/spliced.c/1500/0/1508749870.165082876/-1
========================================================================================
Report      : INFO
Date        : Mon Oct 23 17:11:10 SGT 2017
Description : ---------------------------------------------------------------
              -- The service is using the following configuration settings --
              ---------------------------------------------------------------
              Domain (id)          : ospl_sp_ddsi (0)
              Storage              : 0 Kbytes
              Storage threshold    : 1024 Kbytes
              Storage address      : Not available
              Locking              : default
              Memory mode          : Heap memory
              Builtin topics       : true
              Priority inheritance : false
              SystemId             : 284922885 from [1,2147483647]
Node        : scc-vincent
Process     : pong <6539>
Thread      : spliced 7f010137d700
Internals   : 6.8.2/e436376/7d15937/The OpenSplice domain service/u_domain.c/737/0/1508749870.170952029/0
========================================================================================
Report      : INFO
Date        : Mon Oct 23 17:11:10 SGT 2017
Description : ++++++++++++++++++++++++++++++++++++++++++++++++
              ++ The service 'splicedaemon' is now operational. 
              ++++++++++++++++++++++++++++++++++++++++++++++++
Node        : scc-vincent
Process     : pong <6539>
Thread      : spliced 7f010137d700
Internals   : 6.8.2/e436376/7d15937/v_serviceChangeState/v_service.c/300/0/1508749870.171685441/0
========================================================================================
Report      : INFO
Date        : Mon Oct 23 17:11:10 SGT 2017
Description : SOAP service is reachable via port 46261
Node        : scc-vincent
Process     : pong <6539>
Thread      : cmsoap 7f00fe01d700
Internals   : 6.8.2/e436376/7d15937/CM SOAP Service/cms_service.c/445/0/1508749870.176541377/0
========================================================================================
Report      : INFO
Date        : Mon Oct 23 17:11:10 SGT 2017
Description : ++++++++++++++++++++++++++++++++++++++++++++++++
              ++ The service 'cmsoap' is now operational. 
              ++++++++++++++++++++++++++++++++++++++++++++++++
Node        : scc-vincent
Process     : pong <6539>
Thread      : cmsoap 7f00fe01d700
Internals   : 6.8.2/e436376/7d15937/v_serviceChangeState/v_service.c/300/0/1508749870.179669012/0
========================================================================================
Report      : INFO
Date        : Mon Oct 23 17:11:10 SGT 2017
Description : ++++++++++++++++++++++++++++++
              ++ ddsi2 EVALUATION VERSION ++
              ++++++++++++++++++++++++++++++

Node        : scc-vincent
Process     : pong <6539>
Thread      : ddsi2 7f00fd148700
Internals   : 6.8.2/e436376/7d15937/q_main/q_main.c/2555/0/1508749870.180524144/-1
========================================================================================
Report      : INFO
Date        : Mon Oct 23 17:11:10 SGT 2017
Description : +++++++++++++++++++++++++++++++++++
              ++ durability EVALUATION VERSION ++
              +++++++++++++++++++++++++++++++++++

Node        : scc-vincent
Process     : pong <6539>
Thread      : durability 7f00fdbe6700
Internals   : 6.8.2/e436376/7d15937/d_durability/d_durability.c/1450/0/1508749870.180537696/-1
========================================================================================
Report      : INFO
Date        : Mon Oct 23 17:11:10 SGT 2017
Description : ++++++++++++++++++++++++++++++++++++++++++++++++
              ++ The service 'ddsi2' is now operational. 
              ++++++++++++++++++++++++++++++++++++++++++++++++
Node        : scc-vincent
Process     : pong <6539>
Thread      : ddsi2 7f00fd148700
Internals   : 6.8.2/e436376/7d15937/v_serviceChangeState/v_service.c/300/0/1508749870.186967829/0
========================================================================================
Report      : INFO
Date        : Mon Oct 23 17:11:10 SGT 2017
Description : ---------------------------------------------------------------
              -- The service is using the following configuration settings --
              ---------------------------------------------------------------
              Domain (id)          : ospl_sp_ddsi (0)
              Storage              : 0 Kbytes
              Storage threshold    : 1024 Kbytes
              Storage address      : Not available
              Locking              : default
              Memory mode          : Heap memory
              Builtin topics       : true
              Priority inheritance : false
              SystemId             : 222458413 from [1,2147483647]
Node        : scc-vincent
Process     : ping <6543>
Thread      : spliced 7fe4c4b88700
Internals   : 6.8.2/e436376/7d15937/The OpenSplice domain service/u_domain.c/737/0/1508749870.190928626/0
========================================================================================
Report      : INFO
Date        : Mon Oct 23 17:11:10 SGT 2017
Description : ++++++++++++++++++++++++++++++++++++++++++++++++
              ++ The service 'splicedaemon' is now operational. 
              ++++++++++++++++++++++++++++++++++++++++++++++++
Node        : scc-vincent
Process     : ping <6543>
Thread      : spliced 7fe4c4b88700
Internals   : 6.8.2/e436376/7d15937/v_serviceChangeState/v_service.c/300/0/1508749870.192046048/0
========================================================================================
Report      : INFO
Date        : Mon Oct 23 17:11:10 SGT 2017
Description : +++++++++++++++++++++++++++++++++++
              ++ durability EVALUATION VERSION ++
              +++++++++++++++++++++++++++++++++++

Node        : scc-vincent
Process     : ping <6543>
Thread      : durability 7fe4c13f1700
Internals   : 6.8.2/e436376/7d15937/d_durability/d_durability.c/1450/0/1508749870.197821489/-1
========================================================================================
Report      : INFO
Date        : Mon Oct 23 17:11:10 SGT 2017
Description : SOAP service is reachable via port 37002
Node        : scc-vincent
Process     : ping <6543>
Thread      : cmsoap 7fe4c1828700
Internals   : 6.8.2/e436376/7d15937/CM SOAP Service/cms_service.c/445/0/1508749870.198349950/0
========================================================================================
Report      : INFO
Date        : Mon Oct 23 17:11:10 SGT 2017
Description : ++++++++++++++++++++++++++++++++++++++++++++++++
              ++ The service 'cmsoap' is now operational. 
              ++++++++++++++++++++++++++++++++++++++++++++++++
Node        : scc-vincent
Process     : ping <6543>
Thread      : cmsoap 7fe4c1828700
Internals   : 6.8.2/e436376/7d15937/v_serviceChangeState/v_service.c/300/0/1508749870.199285082/0
========================================================================================
Report      : INFO
Date        : Mon Oct 23 17:11:10 SGT 2017
Description : ++++++++++++++++++++++++++++++
              ++ ddsi2 EVALUATION VERSION ++
              ++++++++++++++++++++++++++++++

Node        : scc-vincent
Process     : ping <6543>
Thread      : ddsi2 7fe4c0953700
Internals   : 6.8.2/e436376/7d15937/q_main/q_main.c/2555/0/1508749870.199766183/-1
========================================================================================
Report      : INFO
Date        : Mon Oct 23 17:11:10 SGT 2017
Description : ++++++++++++++++++++++++++++++++++++++++++++++++
              ++ The service 'ddsi2' is now operational. 
              ++++++++++++++++++++++++++++++++++++++++++++++++
Node        : scc-vincent
Process     : ping <6543>
Thread      : ddsi2 7fe4c0953700
Internals   : 6.8.2/e436376/7d15937/v_serviceChangeState/v_service.c/300/0/1508749870.205656692/0
========================================================================================
Report      : INFO
Date        : Mon Oct 23 17:11:10 SGT 2017
Description : The durability service can be identified by ID: 222458413
Node        : scc-vincent
Process     : ping <6543>
Thread      : durability 7fe4c13f1700
Internals   : 6.8.2/e436376/7d15937/DurabilityService/d_durability.c/673/0/1508749870.516122133/0
========================================================================================
Report      : INFO
Date        : Mon Oct 23 17:11:10 SGT 2017
Description : The durability service can be identified by ID: 284922885
Node        : scc-vincent
Process     : pong <6539>
Thread      : durability 7f00fdbe6700
Internals   : 6.8.2/e436376/7d15937/DurabilityService/d_durability.c/673/0/1508749870.598123587/0
========================================================================================
Report      : INFO
Date        : Mon Oct 23 17:11:11 SGT 2017
Description : ================================================
              == The service 'ddsi2' has now terminated. 
              ================================================
Node        : scc-vincent
Process     : ping <6543>
Thread      : ddsi2 7fe4c0953700
Internals   : 6.8.2/e436376/7d15937/v_serviceChangeState/v_service.c/307/0/1508749871.500294662/0
========================================================================================
Report      : INFO
Date        : Mon Oct 23 17:11:12 SGT 2017
Description : not accepting requests.
Node        : scc-vincent
Process     : ping <6543>
Thread      : cmsoap 7fe4c1828700
Internals   : 6.8.2/e436376/7d15937/CM SOAP Service/cmsoap.c/109/0/1508749872.201437518/0
========================================================================================
Report      : INFO
Date        : Mon Oct 23 17:11:12 SGT 2017
Description : ================================================
              == The service 'cmsoap' has now terminated. 
              ================================================
Node        : scc-vincent
Process     : ping <6543>
Thread      : cmsoap 7fe4c1828700
Internals   : 6.8.2/e436376/7d15937/v_serviceChangeState/v_service.c/307/0/1508749872.201636844/0
========================================================================================
Report      : INFO
Date        : Mon Oct 23 17:11:13 SGT 2017
Description : ================================================
              == The service 'durability' has now terminated. 
              ================================================
Node        : scc-vincent
Process     : ping <6543>
Thread      : durability 7fe4c13f1700
Internals   : 6.8.2/e436376/7d15937/v_serviceChangeState/v_service.c/307/0/1508749873.708129345/0
========================================================================================
Report      : INFO
Date        : Mon Oct 23 17:11:13 SGT 2017
Description : ================================================
              == The service 'splicedaemon' has now terminated. 
              ================================================
Node        : scc-vincent
Process     : ping <6543>
Thread      : spliced 7fe4c4b88700
Internals   : 6.8.2/e436376/7d15937/v_serviceChangeState/v_service.c/307/0/1508749873.799544948/0
========================================================================================
Report      : INFO
Date        : Mon Oct 23 17:11:17 SGT 2017
Description : ++++++++++++++++++++++++++++++++++++++++++++++++
              ++ The service 'durability' is now operational. 
              ++++++++++++++++++++++++++++++++++++++++++++++++
Node        : scc-vincent
Process     : pong <6539>
Thread      : conflictResolver 7f00fcd8f700
Internals   : 6.8.2/e436376/7d15937/v_serviceChangeState/v_service.c/300/0/1508749877.806326274/0
